État 8 conflits: 3 décalage/réduction
État 18 conflits: 3 décalage/réduction
État 19 conflits: 3 décalage/réduction
État 20 conflits: 5 décalage/réduction
État 21 conflits: 5 décalage/réduction
État 22 conflits: 5 décalage/réduction


Grammaire

    0 $accept: input $end

    1 input: expression TK_EOF

    2 expression: TK_VAR
    3           | TK_ENOT expression
    4           | TK_VNOT TK_VAR
    5           | TK_LPAREN expression TK_RPAREN
    6           | expression TK_CONJ expression
    7           | expression TK_DISJ expression
    8           | expression TK_XOR expression
    9           | expression TK_IMPLY expression
   10           | expression TK_EQ expression


Terminaux, suivis des règles où ils apparaissent

$end (0) 0
error (256)
TK_CONJ (258) 6
TK_DISJ (259) 7
TK_XOR (260) 8
TK_IMPLY (261) 9
TK_EQ (262) 10
TK_LPAREN (263) 5
TK_RPAREN (264) 5
TK_ENOT (265) 3
TK_VNOT (266) 4
TK_EOF (267) 1
TK_VAR (268) 2 4


Non-terminaux, suivis des règles où ils apparaissent

$accept (14)
    à gauche: 0
input (15)
    à gauche: 1, à droite: 0
expression (16)
    à gauche: 2 3 4 5 6 7 8 9 10, à droite: 1 3 5 6 7 8 9 10


État 0

    0 $accept: . input $end
    1 input: . expression TK_EOF
    2 expression: . TK_VAR
    3           | . TK_ENOT expression
    4           | . TK_VNOT TK_VAR
    5           | . TK_LPAREN expression TK_RPAREN
    6           | . expression TK_CONJ expression
    7           | . expression TK_DISJ expression
    8           | . expression TK_XOR expression
    9           | . expression TK_IMPLY expression
   10           | . expression TK_EQ expression

    TK_LPAREN  décalage et aller à l'état 1
    TK_ENOT    décalage et aller à l'état 2
    TK_VNOT    décalage et aller à l'état 3
    TK_VAR     décalage et aller à l'état 4

    input       aller à l'état 5
    expression  aller à l'état 6


État 1

    2 expression: . TK_VAR
    3           | . TK_ENOT expression
    4           | . TK_VNOT TK_VAR
    5           | . TK_LPAREN expression TK_RPAREN
    5           | TK_LPAREN . expression TK_RPAREN
    6           | . expression TK_CONJ expression
    7           | . expression TK_DISJ expression
    8           | . expression TK_XOR expression
    9           | . expression TK_IMPLY expression
   10           | . expression TK_EQ expression

    TK_LPAREN  décalage et aller à l'état 1
    TK_ENOT    décalage et aller à l'état 2
    TK_VNOT    décalage et aller à l'état 3
    TK_VAR     décalage et aller à l'état 4

    expression  aller à l'état 7


État 2

    2 expression: . TK_VAR
    3           | . TK_ENOT expression
    3           | TK_ENOT . expression
    4           | . TK_VNOT TK_VAR
    5           | . TK_LPAREN expression TK_RPAREN
    6           | . expression TK_CONJ expression
    7           | . expression TK_DISJ expression
    8           | . expression TK_XOR expression
    9           | . expression TK_IMPLY expression
   10           | . expression TK_EQ expression

    TK_LPAREN  décalage et aller à l'état 1
    TK_ENOT    décalage et aller à l'état 2
    TK_VNOT    décalage et aller à l'état 3
    TK_VAR     décalage et aller à l'état 4

    expression  aller à l'état 8


État 3

    4 expression: TK_VNOT . TK_VAR

    TK_VAR  décalage et aller à l'état 9


État 4

    2 expression: TK_VAR .

    $défaut  réduction par utilisation de la règle 2 (expression)


État 5

    0 $accept: input . $end

    $end  décalage et aller à l'état 10


État 6

    1 input: expression . TK_EOF
    6 expression: expression . TK_CONJ expression
    7           | expression . TK_DISJ expression
    8           | expression . TK_XOR expression
    9           | expression . TK_IMPLY expression
   10           | expression . TK_EQ expression

    TK_CONJ   décalage et aller à l'état 11
    TK_DISJ   décalage et aller à l'état 12
    TK_XOR    décalage et aller à l'état 13
    TK_IMPLY  décalage et aller à l'état 14
    TK_EQ     décalage et aller à l'état 15
    TK_EOF    décalage et aller à l'état 16


État 7

    5 expression: TK_LPAREN expression . TK_RPAREN
    6           | expression . TK_CONJ expression
    7           | expression . TK_DISJ expression
    8           | expression . TK_XOR expression
    9           | expression . TK_IMPLY expression
   10           | expression . TK_EQ expression

    TK_CONJ    décalage et aller à l'état 11
    TK_DISJ    décalage et aller à l'état 12
    TK_XOR     décalage et aller à l'état 13
    TK_IMPLY   décalage et aller à l'état 14
    TK_EQ      décalage et aller à l'état 15
    TK_RPAREN  décalage et aller à l'état 17


État 8

    3 expression: TK_ENOT expression .  [TK_CONJ, TK_DISJ, TK_XOR, TK_IMPLY, TK_EQ, TK_RPAREN, TK_EOF]
    6           | expression . TK_CONJ expression
    7           | expression . TK_DISJ expression
    8           | expression . TK_XOR expression
    9           | expression . TK_IMPLY expression
   10           | expression . TK_EQ expression

    TK_XOR    décalage et aller à l'état 13
    TK_IMPLY  décalage et aller à l'état 14
    TK_EQ     décalage et aller à l'état 15

    TK_XOR    [réduction par utilisation de la règle 3 (expression)]
    TK_IMPLY  [réduction par utilisation de la règle 3 (expression)]
    TK_EQ     [réduction par utilisation de la règle 3 (expression)]
    $défaut  réduction par utilisation de la règle 3 (expression)

    Conflit entre la règle 3 et le jeton TK_CONJ résolu par réduction (TK_CONJ < TK_ENOT).
    Conflit entre la règle 3 et le jeton TK_DISJ résolu par réduction (TK_DISJ < TK_ENOT).


État 9

    4 expression: TK_VNOT TK_VAR .

    $défaut  réduction par utilisation de la règle 4 (expression)


État 10

    0 $accept: input $end .

    $défaut  accepter


État 11

    2 expression: . TK_VAR
    3           | . TK_ENOT expression
    4           | . TK_VNOT TK_VAR
    5           | . TK_LPAREN expression TK_RPAREN
    6           | . expression TK_CONJ expression
    6           | expression TK_CONJ . expression
    7           | . expression TK_DISJ expression
    8           | . expression TK_XOR expression
    9           | . expression TK_IMPLY expression
   10           | . expression TK_EQ expression

    TK_LPAREN  décalage et aller à l'état 1
    TK_ENOT    décalage et aller à l'état 2
    TK_VNOT    décalage et aller à l'état 3
    TK_VAR     décalage et aller à l'état 4

    expression  aller à l'état 18


État 12

    2 expression: . TK_VAR
    3           | . TK_ENOT expression
    4           | . TK_VNOT TK_VAR
    5           | . TK_LPAREN expression TK_RPAREN
    6           | . expression TK_CONJ expression
    7           | . expression TK_DISJ expression
    7           | expression TK_DISJ . expression
    8           | . expression TK_XOR expression
    9           | . expression TK_IMPLY expression
   10           | . expression TK_EQ expression

    TK_LPAREN  décalage et aller à l'état 1
    TK_ENOT    décalage et aller à l'état 2
    TK_VNOT    décalage et aller à l'état 3
    TK_VAR     décalage et aller à l'état 4

    expression  aller à l'état 19


État 13

    2 expression: . TK_VAR
    3           | . TK_ENOT expression
    4           | . TK_VNOT TK_VAR
    5           | . TK_LPAREN expression TK_RPAREN
    6           | . expression TK_CONJ expression
    7           | . expression TK_DISJ expression
    8           | . expression TK_XOR expression
    8           | expression TK_XOR . expression
    9           | . expression TK_IMPLY expression
   10           | . expression TK_EQ expression

    TK_LPAREN  décalage et aller à l'état 1
    TK_ENOT    décalage et aller à l'état 2
    TK_VNOT    décalage et aller à l'état 3
    TK_VAR     décalage et aller à l'état 4

    expression  aller à l'état 20


État 14

    2 expression: . TK_VAR
    3           | . TK_ENOT expression
    4           | . TK_VNOT TK_VAR
    5           | . TK_LPAREN expression TK_RPAREN
    6           | . expression TK_CONJ expression
    7           | . expression TK_DISJ expression
    8           | . expression TK_XOR expression
    9           | . expression TK_IMPLY expression
    9           | expression TK_IMPLY . expression
   10           | . expression TK_EQ expression

    TK_LPAREN  décalage et aller à l'état 1
    TK_ENOT    décalage et aller à l'état 2
    TK_VNOT    décalage et aller à l'état 3
    TK_VAR     décalage et aller à l'état 4

    expression  aller à l'état 21


État 15

    2 expression: . TK_VAR
    3           | . TK_ENOT expression
    4           | . TK_VNOT TK_VAR
    5           | . TK_LPAREN expression TK_RPAREN
    6           | . expression TK_CONJ expression
    7           | . expression TK_DISJ expression
    8           | . expression TK_XOR expression
    9           | . expression TK_IMPLY expression
   10           | . expression TK_EQ expression
   10           | expression TK_EQ . expression

    TK_LPAREN  décalage et aller à l'état 1
    TK_ENOT    décalage et aller à l'état 2
    TK_VNOT    décalage et aller à l'état 3
    TK_VAR     décalage et aller à l'état 4

    expression  aller à l'état 22


État 16

    1 input: expression TK_EOF .

    $défaut  réduction par utilisation de la règle 1 (input)


État 17

    5 expression: TK_LPAREN expression TK_RPAREN .

    $défaut  réduction par utilisation de la règle 5 (expression)


État 18

    6 expression: expression . TK_CONJ expression
    6           | expression TK_CONJ expression .  [TK_CONJ, TK_DISJ, TK_XOR, TK_IMPLY, TK_EQ, TK_RPAREN, TK_EOF]
    7           | expression . TK_DISJ expression
    8           | expression . TK_XOR expression
    9           | expression . TK_IMPLY expression
   10           | expression . TK_EQ expression

    TK_XOR    décalage et aller à l'état 13
    TK_IMPLY  décalage et aller à l'état 14
    TK_EQ     décalage et aller à l'état 15

    TK_XOR    [réduction par utilisation de la règle 6 (expression)]
    TK_IMPLY  [réduction par utilisation de la règle 6 (expression)]
    TK_EQ     [réduction par utilisation de la règle 6 (expression)]
    $défaut  réduction par utilisation de la règle 6 (expression)

    Conflit entre la règle 6 et le jeton TK_CONJ résolu par réduction (%left TK_CONJ).
    Conflit entre la règle 6 et le jeton TK_DISJ résolu par réduction (TK_DISJ < TK_CONJ).


État 19

    6 expression: expression . TK_CONJ expression
    7           | expression . TK_DISJ expression
    7           | expression TK_DISJ expression .  [TK_DISJ, TK_XOR, TK_IMPLY, TK_EQ, TK_RPAREN, TK_EOF]
    8           | expression . TK_XOR expression
    9           | expression . TK_IMPLY expression
   10           | expression . TK_EQ expression

    TK_CONJ   décalage et aller à l'état 11
    TK_XOR    décalage et aller à l'état 13
    TK_IMPLY  décalage et aller à l'état 14
    TK_EQ     décalage et aller à l'état 15

    TK_XOR    [réduction par utilisation de la règle 7 (expression)]
    TK_IMPLY  [réduction par utilisation de la règle 7 (expression)]
    TK_EQ     [réduction par utilisation de la règle 7 (expression)]
    $défaut  réduction par utilisation de la règle 7 (expression)

    Conflit entre la règle 7 et le jeton TK_CONJ résolu par décalage (TK_DISJ < TK_CONJ).
    Conflit entre la règle 7 et le jeton TK_DISJ résolu par réduction (%left TK_DISJ).


État 20

    6 expression: expression . TK_CONJ expression
    7           | expression . TK_DISJ expression
    8           | expression . TK_XOR expression
    8           | expression TK_XOR expression .  [TK_CONJ, TK_DISJ, TK_XOR, TK_IMPLY, TK_EQ, TK_RPAREN, TK_EOF]
    9           | expression . TK_IMPLY expression
   10           | expression . TK_EQ expression

    TK_CONJ   décalage et aller à l'état 11
    TK_DISJ   décalage et aller à l'état 12
    TK_XOR    décalage et aller à l'état 13
    TK_IMPLY  décalage et aller à l'état 14
    TK_EQ     décalage et aller à l'état 15

    TK_CONJ   [réduction par utilisation de la règle 8 (expression)]
    TK_DISJ   [réduction par utilisation de la règle 8 (expression)]
    TK_XOR    [réduction par utilisation de la règle 8 (expression)]
    TK_IMPLY  [réduction par utilisation de la règle 8 (expression)]
    TK_EQ     [réduction par utilisation de la règle 8 (expression)]
    $défaut  réduction par utilisation de la règle 8 (expression)


État 21

    6 expression: expression . TK_CONJ expression
    7           | expression . TK_DISJ expression
    8           | expression . TK_XOR expression
    9           | expression . TK_IMPLY expression
    9           | expression TK_IMPLY expression .  [TK_CONJ, TK_DISJ, TK_XOR, TK_IMPLY, TK_EQ, TK_RPAREN, TK_EOF]
   10           | expression . TK_EQ expression

    TK_CONJ   décalage et aller à l'état 11
    TK_DISJ   décalage et aller à l'état 12
    TK_XOR    décalage et aller à l'état 13
    TK_IMPLY  décalage et aller à l'état 14
    TK_EQ     décalage et aller à l'état 15

    TK_CONJ   [réduction par utilisation de la règle 9 (expression)]
    TK_DISJ   [réduction par utilisation de la règle 9 (expression)]
    TK_XOR    [réduction par utilisation de la règle 9 (expression)]
    TK_IMPLY  [réduction par utilisation de la règle 9 (expression)]
    TK_EQ     [réduction par utilisation de la règle 9 (expression)]
    $défaut  réduction par utilisation de la règle 9 (expression)


État 22

    6 expression: expression . TK_CONJ expression
    7           | expression . TK_DISJ expression
    8           | expression . TK_XOR expression
    9           | expression . TK_IMPLY expression
   10           | expression . TK_EQ expression
   10           | expression TK_EQ expression .  [TK_CONJ, TK_DISJ, TK_XOR, TK_IMPLY, TK_EQ, TK_RPAREN, TK_EOF]

    TK_CONJ   décalage et aller à l'état 11
    TK_DISJ   décalage et aller à l'état 12
    TK_XOR    décalage et aller à l'état 13
    TK_IMPLY  décalage et aller à l'état 14
    TK_EQ     décalage et aller à l'état 15

    TK_CONJ   [réduction par utilisation de la règle 10 (expression)]
    TK_DISJ   [réduction par utilisation de la règle 10 (expression)]
    TK_XOR    [réduction par utilisation de la règle 10 (expression)]
    TK_IMPLY  [réduction par utilisation de la règle 10 (expression)]
    TK_EQ     [réduction par utilisation de la règle 10 (expression)]
    $défaut  réduction par utilisation de la règle 10 (expression)
