Terminaux inutilisés dans la grammaire

   TK_XOR
   TK_IMPLY
   TK_EQ
   TK_ENOT
   TK_EOF


Grammaire

    0 $accept: input $end

    1 input: TK_FLINE expression TK_CONJ

    2 expression: TK_VAR
    3           | TK_VNOT TK_VAR
    4           | TK_LPAREN expression TK_RPAREN
    5           | expression TK_CONJ expression
    6           | expression TK_DISJ expression


Terminaux, suivis des règles où ils apparaissent

$end (0) 0
error (256)
TK_CONJ (258) 1 5
TK_DISJ (259) 6
TK_XOR (260)
TK_IMPLY (261)
TK_EQ (262)
TK_LPAREN (263) 4
TK_RPAREN (264) 4
TK_ENOT (265)
TK_VNOT (266) 3
TK_EOF (267)
TK_FLINE (268) 1
TK_VAR (269) 2 3


Non-terminaux, suivis des règles où ils apparaissent

$accept (15)
    à gauche: 0
input (16)
    à gauche: 1, à droite: 0
expression (17)
    à gauche: 2 3 4 5 6, à droite: 1 4 5 6


État 0

    0 $accept: . input $end
    1 input: . TK_FLINE expression TK_CONJ

    TK_FLINE  décalage et aller à l'état 1

    input  aller à l'état 2


État 1

    1 input: TK_FLINE . expression TK_CONJ
    2 expression: . TK_VAR
    3           | . TK_VNOT TK_VAR
    4           | . TK_LPAREN expression TK_RPAREN
    5           | . expression TK_CONJ expression
    6           | . expression TK_DISJ expression

    TK_LPAREN  décalage et aller à l'état 3
    TK_VNOT    décalage et aller à l'état 4
    TK_VAR     décalage et aller à l'état 5

    expression  aller à l'état 6


État 2

    0 $accept: input . $end

    $end  décalage et aller à l'état 7


État 3

    2 expression: . TK_VAR
    3           | . TK_VNOT TK_VAR
    4           | . TK_LPAREN expression TK_RPAREN
    4           | TK_LPAREN . expression TK_RPAREN
    5           | . expression TK_CONJ expression
    6           | . expression TK_DISJ expression

    TK_LPAREN  décalage et aller à l'état 3
    TK_VNOT    décalage et aller à l'état 4
    TK_VAR     décalage et aller à l'état 5

    expression  aller à l'état 8


État 4

    3 expression: TK_VNOT . TK_VAR

    TK_VAR  décalage et aller à l'état 9


État 5

    2 expression: TK_VAR .

    $défaut  réduction par utilisation de la règle 2 (expression)


État 6

    1 input: TK_FLINE expression . TK_CONJ
    5 expression: expression . TK_CONJ expression
    6           | expression . TK_DISJ expression

    TK_CONJ  décalage et aller à l'état 10
    TK_DISJ  décalage et aller à l'état 11


État 7

    0 $accept: input $end .

    $défaut  accepter


État 8

    4 expression: TK_LPAREN expression . TK_RPAREN
    5           | expression . TK_CONJ expression
    6           | expression . TK_DISJ expression

    TK_CONJ    décalage et aller à l'état 12
    TK_DISJ    décalage et aller à l'état 11
    TK_RPAREN  décalage et aller à l'état 13


État 9

    3 expression: TK_VNOT TK_VAR .

    $défaut  réduction par utilisation de la règle 3 (expression)


État 10

    1 input: TK_FLINE expression TK_CONJ .  [$end]
    2 expression: . TK_VAR
    3           | . TK_VNOT TK_VAR
    4           | . TK_LPAREN expression TK_RPAREN
    5           | . expression TK_CONJ expression
    5           | expression TK_CONJ . expression
    6           | . expression TK_DISJ expression

    TK_LPAREN  décalage et aller à l'état 3
    TK_VNOT    décalage et aller à l'état 4
    TK_VAR     décalage et aller à l'état 5

    $défaut  réduction par utilisation de la règle 1 (input)

    expression  aller à l'état 14


État 11

    2 expression: . TK_VAR
    3           | . TK_VNOT TK_VAR
    4           | . TK_LPAREN expression TK_RPAREN
    5           | . expression TK_CONJ expression
    6           | . expression TK_DISJ expression
    6           | expression TK_DISJ . expression

    TK_LPAREN  décalage et aller à l'état 3
    TK_VNOT    décalage et aller à l'état 4
    TK_VAR     décalage et aller à l'état 5

    expression  aller à l'état 15


État 12

    2 expression: . TK_VAR
    3           | . TK_VNOT TK_VAR
    4           | . TK_LPAREN expression TK_RPAREN
    5           | . expression TK_CONJ expression
    5           | expression TK_CONJ . expression
    6           | . expression TK_DISJ expression

    TK_LPAREN  décalage et aller à l'état 3
    TK_VNOT    décalage et aller à l'état 4
    TK_VAR     décalage et aller à l'état 5

    expression  aller à l'état 14


État 13

    4 expression: TK_LPAREN expression TK_RPAREN .

    $défaut  réduction par utilisation de la règle 4 (expression)


État 14

    5 expression: expression . TK_CONJ expression
    5           | expression TK_CONJ expression .  [TK_CONJ, TK_RPAREN]
    6           | expression . TK_DISJ expression

    TK_DISJ  décalage et aller à l'état 11

    $défaut  réduction par utilisation de la règle 5 (expression)

    Conflit entre la règle 5 et le jeton TK_CONJ résolu par réduction (%left TK_CONJ).
    Conflit entre la règle 5 et le jeton TK_DISJ résolu par décalage (TK_CONJ < TK_DISJ).


État 15

    5 expression: expression . TK_CONJ expression
    6           | expression . TK_DISJ expression
    6           | expression TK_DISJ expression .  [TK_CONJ, TK_DISJ, TK_RPAREN]

    $défaut  réduction par utilisation de la règle 6 (expression)

    Conflit entre la règle 6 et le jeton TK_CONJ résolu par réduction (TK_CONJ < TK_DISJ).
    Conflit entre la règle 6 et le jeton TK_DISJ résolu par réduction (%left TK_DISJ).
