Grammar

    0 $accept: input $end

    1 input: expression TK_CONJ

    2 expression: TK_VAR
    3           | TK_VAR TK_EG TK_VAR
    4           | TK_VAR TK_NEG TK_VAR
    5           | TK_VNOT TK_VAR
    6           | TK_LPAREN expression TK_RPAREN
    7           | expression TK_CONJ expression
    8           | expression TK_DISJ expression
    9           | TK_ENOT expression
   10           | expression TK_XOR expression
   11           | expression TK_IMPLY expression
   12           | expression TK_EQ expression


Terminals, with rules where they appear

$end (0) 0
error (256)
TK_CONJ (258) 1 7
TK_DISJ (259) 8
TK_XOR (260) 10
TK_IMPLY (261) 11
TK_EQ (262) 12
TK_EG (263) 3
TK_NEG (264) 4
TK_LPAREN (265) 6
TK_RPAREN (266) 6
TK_ENOT (267) 9
TK_VNOT (268) 5
TK_VAR (269) 2 3 4 5


Nonterminals, with rules where they appear

$accept (15)
    on left: 0
input (16)
    on left: 1, on right: 0
expression (17)
    on left: 2 3 4 5 6 7 8 9 10 11 12, on right: 1 6 7 8 9 10 11 12


State 0

    0 $accept: . input $end
    1 input: . expression TK_CONJ
    2 expression: . TK_VAR
    3           | . TK_VAR TK_EG TK_VAR
    4           | . TK_VAR TK_NEG TK_VAR
    5           | . TK_VNOT TK_VAR
    6           | . TK_LPAREN expression TK_RPAREN
    7           | . expression TK_CONJ expression
    8           | . expression TK_DISJ expression
    9           | . TK_ENOT expression
   10           | . expression TK_XOR expression
   11           | . expression TK_IMPLY expression
   12           | . expression TK_EQ expression

    TK_LPAREN  shift, and go to state 1
    TK_ENOT    shift, and go to state 2
    TK_VNOT    shift, and go to state 3
    TK_VAR     shift, and go to state 4

    input       go to state 5
    expression  go to state 6


State 1

    2 expression: . TK_VAR
    3           | . TK_VAR TK_EG TK_VAR
    4           | . TK_VAR TK_NEG TK_VAR
    5           | . TK_VNOT TK_VAR
    6           | . TK_LPAREN expression TK_RPAREN
    6           | TK_LPAREN . expression TK_RPAREN
    7           | . expression TK_CONJ expression
    8           | . expression TK_DISJ expression
    9           | . TK_ENOT expression
   10           | . expression TK_XOR expression
   11           | . expression TK_IMPLY expression
   12           | . expression TK_EQ expression

    TK_LPAREN  shift, and go to state 1
    TK_ENOT    shift, and go to state 2
    TK_VNOT    shift, and go to state 3
    TK_VAR     shift, and go to state 4

    expression  go to state 7


State 2

    2 expression: . TK_VAR
    3           | . TK_VAR TK_EG TK_VAR
    4           | . TK_VAR TK_NEG TK_VAR
    5           | . TK_VNOT TK_VAR
    6           | . TK_LPAREN expression TK_RPAREN
    7           | . expression TK_CONJ expression
    8           | . expression TK_DISJ expression
    9           | . TK_ENOT expression
    9           | TK_ENOT . expression
   10           | . expression TK_XOR expression
   11           | . expression TK_IMPLY expression
   12           | . expression TK_EQ expression

    TK_LPAREN  shift, and go to state 1
    TK_ENOT    shift, and go to state 2
    TK_VNOT    shift, and go to state 3
    TK_VAR     shift, and go to state 4

    expression  go to state 8


State 3

    5 expression: TK_VNOT . TK_VAR

    TK_VAR  shift, and go to state 9


State 4

    2 expression: TK_VAR .  [TK_CONJ, TK_DISJ, TK_XOR, TK_IMPLY, TK_EQ, TK_RPAREN]
    3           | TK_VAR . TK_EG TK_VAR
    4           | TK_VAR . TK_NEG TK_VAR

    TK_EG   shift, and go to state 10
    TK_NEG  shift, and go to state 11

    $default  reduce using rule 2 (expression)


State 5

    0 $accept: input . $end

    $end  shift, and go to state 12


State 6

    1 input: expression . TK_CONJ
    7 expression: expression . TK_CONJ expression
    8           | expression . TK_DISJ expression
   10           | expression . TK_XOR expression
   11           | expression . TK_IMPLY expression
   12           | expression . TK_EQ expression

    TK_CONJ   shift, and go to state 13
    TK_DISJ   shift, and go to state 14
    TK_XOR    shift, and go to state 15
    TK_IMPLY  shift, and go to state 16
    TK_EQ     shift, and go to state 17


State 7

    6 expression: TK_LPAREN expression . TK_RPAREN
    7           | expression . TK_CONJ expression
    8           | expression . TK_DISJ expression
   10           | expression . TK_XOR expression
   11           | expression . TK_IMPLY expression
   12           | expression . TK_EQ expression

    TK_CONJ    shift, and go to state 18
    TK_DISJ    shift, and go to state 14
    TK_XOR     shift, and go to state 15
    TK_IMPLY   shift, and go to state 16
    TK_EQ      shift, and go to state 17
    TK_RPAREN  shift, and go to state 19


State 8

    7 expression: expression . TK_CONJ expression
    8           | expression . TK_DISJ expression
    9           | TK_ENOT expression .  [TK_CONJ, TK_DISJ, TK_XOR, TK_IMPLY, TK_EQ, TK_RPAREN]
   10           | expression . TK_XOR expression
   11           | expression . TK_IMPLY expression
   12           | expression . TK_EQ expression

    $default  reduce using rule 9 (expression)

    Conflict between rule 9 and token TK_CONJ resolved as reduce (TK_CONJ < TK_ENOT).
    Conflict between rule 9 and token TK_DISJ resolved as reduce (TK_DISJ < TK_ENOT).
    Conflict between rule 9 and token TK_XOR resolved as reduce (TK_XOR < TK_ENOT).
    Conflict between rule 9 and token TK_IMPLY resolved as reduce (TK_IMPLY < TK_ENOT).
    Conflict between rule 9 and token TK_EQ resolved as reduce (TK_EQ < TK_ENOT).


State 9

    5 expression: TK_VNOT TK_VAR .

    $default  reduce using rule 5 (expression)


State 10

    3 expression: TK_VAR TK_EG . TK_VAR

    TK_VAR  shift, and go to state 20


State 11

    4 expression: TK_VAR TK_NEG . TK_VAR

    TK_VAR  shift, and go to state 21


State 12

    0 $accept: input $end .

    $default  accept


State 13

    1 input: expression TK_CONJ .  [$end]
    2 expression: . TK_VAR
    3           | . TK_VAR TK_EG TK_VAR
    4           | . TK_VAR TK_NEG TK_VAR
    5           | . TK_VNOT TK_VAR
    6           | . TK_LPAREN expression TK_RPAREN
    7           | . expression TK_CONJ expression
    7           | expression TK_CONJ . expression
    8           | . expression TK_DISJ expression
    9           | . TK_ENOT expression
   10           | . expression TK_XOR expression
   11           | . expression TK_IMPLY expression
   12           | . expression TK_EQ expression

    TK_LPAREN  shift, and go to state 1
    TK_ENOT    shift, and go to state 2
    TK_VNOT    shift, and go to state 3
    TK_VAR     shift, and go to state 4

    $default  reduce using rule 1 (input)

    expression  go to state 22


State 14

    2 expression: . TK_VAR
    3           | . TK_VAR TK_EG TK_VAR
    4           | . TK_VAR TK_NEG TK_VAR
    5           | . TK_VNOT TK_VAR
    6           | . TK_LPAREN expression TK_RPAREN
    7           | . expression TK_CONJ expression
    8           | . expression TK_DISJ expression
    8           | expression TK_DISJ . expression
    9           | . TK_ENOT expression
   10           | . expression TK_XOR expression
   11           | . expression TK_IMPLY expression
   12           | . expression TK_EQ expression

    TK_LPAREN  shift, and go to state 1
    TK_ENOT    shift, and go to state 2
    TK_VNOT    shift, and go to state 3
    TK_VAR     shift, and go to state 4

    expression  go to state 23


State 15

    2 expression: . TK_VAR
    3           | . TK_VAR TK_EG TK_VAR
    4           | . TK_VAR TK_NEG TK_VAR
    5           | . TK_VNOT TK_VAR
    6           | . TK_LPAREN expression TK_RPAREN
    7           | . expression TK_CONJ expression
    8           | . expression TK_DISJ expression
    9           | . TK_ENOT expression
   10           | . expression TK_XOR expression
   10           | expression TK_XOR . expression
   11           | . expression TK_IMPLY expression
   12           | . expression TK_EQ expression

    TK_LPAREN  shift, and go to state 1
    TK_ENOT    shift, and go to state 2
    TK_VNOT    shift, and go to state 3
    TK_VAR     shift, and go to state 4

    expression  go to state 24


State 16

    2 expression: . TK_VAR
    3           | . TK_VAR TK_EG TK_VAR
    4           | . TK_VAR TK_NEG TK_VAR
    5           | . TK_VNOT TK_VAR
    6           | . TK_LPAREN expression TK_RPAREN
    7           | . expression TK_CONJ expression
    8           | . expression TK_DISJ expression
    9           | . TK_ENOT expression
   10           | . expression TK_XOR expression
   11           | . expression TK_IMPLY expression
   11           | expression TK_IMPLY . expression
   12           | . expression TK_EQ expression

    TK_LPAREN  shift, and go to state 1
    TK_ENOT    shift, and go to state 2
    TK_VNOT    shift, and go to state 3
    TK_VAR     shift, and go to state 4

    expression  go to state 25


State 17

    2 expression: . TK_VAR
    3           | . TK_VAR TK_EG TK_VAR
    4           | . TK_VAR TK_NEG TK_VAR
    5           | . TK_VNOT TK_VAR
    6           | . TK_LPAREN expression TK_RPAREN
    7           | . expression TK_CONJ expression
    8           | . expression TK_DISJ expression
    9           | . TK_ENOT expression
   10           | . expression TK_XOR expression
   11           | . expression TK_IMPLY expression
   12           | . expression TK_EQ expression
   12           | expression TK_EQ . expression

    TK_LPAREN  shift, and go to state 1
    TK_ENOT    shift, and go to state 2
    TK_VNOT    shift, and go to state 3
    TK_VAR     shift, and go to state 4

    expression  go to state 26


State 18

    2 expression: . TK_VAR
    3           | . TK_VAR TK_EG TK_VAR
    4           | . TK_VAR TK_NEG TK_VAR
    5           | . TK_VNOT TK_VAR
    6           | . TK_LPAREN expression TK_RPAREN
    7           | . expression TK_CONJ expression
    7           | expression TK_CONJ . expression
    8           | . expression TK_DISJ expression
    9           | . TK_ENOT expression
   10           | . expression TK_XOR expression
   11           | . expression TK_IMPLY expression
   12           | . expression TK_EQ expression

    TK_LPAREN  shift, and go to state 1
    TK_ENOT    shift, and go to state 2
    TK_VNOT    shift, and go to state 3
    TK_VAR     shift, and go to state 4

    expression  go to state 22


State 19

    6 expression: TK_LPAREN expression TK_RPAREN .

    $default  reduce using rule 6 (expression)


State 20

    3 expression: TK_VAR TK_EG TK_VAR .

    $default  reduce using rule 3 (expression)


State 21

    4 expression: TK_VAR TK_NEG TK_VAR .

    $default  reduce using rule 4 (expression)


State 22

    7 expression: expression . TK_CONJ expression
    7           | expression TK_CONJ expression .  [TK_CONJ, TK_RPAREN]
    8           | expression . TK_DISJ expression
   10           | expression . TK_XOR expression
   11           | expression . TK_IMPLY expression
   12           | expression . TK_EQ expression

    TK_DISJ   shift, and go to state 14
    TK_XOR    shift, and go to state 15
    TK_IMPLY  shift, and go to state 16
    TK_EQ     shift, and go to state 17

    $default  reduce using rule 7 (expression)

    Conflict between rule 7 and token TK_CONJ resolved as reduce (%left TK_CONJ).
    Conflict between rule 7 and token TK_DISJ resolved as shift (TK_CONJ < TK_DISJ).
    Conflict between rule 7 and token TK_XOR resolved as shift (TK_CONJ < TK_XOR).
    Conflict between rule 7 and token TK_IMPLY resolved as shift (TK_CONJ < TK_IMPLY).
    Conflict between rule 7 and token TK_EQ resolved as shift (TK_CONJ < TK_EQ).


State 23

    7 expression: expression . TK_CONJ expression
    8           | expression . TK_DISJ expression
    8           | expression TK_DISJ expression .  [TK_CONJ, TK_DISJ, TK_RPAREN]
   10           | expression . TK_XOR expression
   11           | expression . TK_IMPLY expression
   12           | expression . TK_EQ expression

    TK_XOR    shift, and go to state 15
    TK_IMPLY  shift, and go to state 16
    TK_EQ     shift, and go to state 17

    $default  reduce using rule 8 (expression)

    Conflict between rule 8 and token TK_CONJ resolved as reduce (TK_CONJ < TK_DISJ).
    Conflict between rule 8 and token TK_DISJ resolved as reduce (%left TK_DISJ).
    Conflict between rule 8 and token TK_XOR resolved as shift (TK_DISJ < TK_XOR).
    Conflict between rule 8 and token TK_IMPLY resolved as shift (TK_DISJ < TK_IMPLY).
    Conflict between rule 8 and token TK_EQ resolved as shift (TK_DISJ < TK_EQ).


State 24

    7 expression: expression . TK_CONJ expression
    8           | expression . TK_DISJ expression
   10           | expression . TK_XOR expression
   10           | expression TK_XOR expression .  [TK_CONJ, TK_DISJ, TK_XOR, TK_RPAREN]
   11           | expression . TK_IMPLY expression
   12           | expression . TK_EQ expression

    TK_IMPLY  shift, and go to state 16
    TK_EQ     shift, and go to state 17

    $default  reduce using rule 10 (expression)

    Conflict between rule 10 and token TK_CONJ resolved as reduce (TK_CONJ < TK_XOR).
    Conflict between rule 10 and token TK_DISJ resolved as reduce (TK_DISJ < TK_XOR).
    Conflict between rule 10 and token TK_XOR resolved as reduce (%left TK_XOR).
    Conflict between rule 10 and token TK_IMPLY resolved as shift (TK_XOR < TK_IMPLY).
    Conflict between rule 10 and token TK_EQ resolved as shift (TK_XOR < TK_EQ).


State 25

    7 expression: expression . TK_CONJ expression
    8           | expression . TK_DISJ expression
   10           | expression . TK_XOR expression
   11           | expression . TK_IMPLY expression
   11           | expression TK_IMPLY expression .  [TK_CONJ, TK_DISJ, TK_XOR, TK_IMPLY, TK_EQ, TK_RPAREN]
   12           | expression . TK_EQ expression

    $default  reduce using rule 11 (expression)

    Conflict between rule 11 and token TK_CONJ resolved as reduce (TK_CONJ < TK_IMPLY).
    Conflict between rule 11 and token TK_DISJ resolved as reduce (TK_DISJ < TK_IMPLY).
    Conflict between rule 11 and token TK_XOR resolved as reduce (TK_XOR < TK_IMPLY).
    Conflict between rule 11 and token TK_IMPLY resolved as reduce (%left TK_IMPLY).
    Conflict between rule 11 and token TK_EQ resolved as reduce (TK_EQ < TK_IMPLY).


State 26

    7 expression: expression . TK_CONJ expression
    8           | expression . TK_DISJ expression
   10           | expression . TK_XOR expression
   11           | expression . TK_IMPLY expression
   12           | expression . TK_EQ expression
   12           | expression TK_EQ expression .  [TK_CONJ, TK_DISJ, TK_XOR, TK_EQ, TK_RPAREN]

    TK_IMPLY  shift, and go to state 16

    $default  reduce using rule 12 (expression)

    Conflict between rule 12 and token TK_CONJ resolved as reduce (TK_CONJ < TK_EQ).
    Conflict between rule 12 and token TK_DISJ resolved as reduce (TK_DISJ < TK_EQ).
    Conflict between rule 12 and token TK_XOR resolved as reduce (TK_XOR < TK_EQ).
    Conflict between rule 12 and token TK_IMPLY resolved as shift (TK_EQ < TK_IMPLY).
    Conflict between rule 12 and token TK_EQ resolved as reduce (%left TK_EQ).
