Grammaire

    0 $accept: input $end

    1 input: expression TK_CONJ

    2 expression: TK_VAR
    3           | TK_VNOT TK_VAR
    4           | TK_LPAREN expression TK_RPAREN
    5           | expression TK_CONJ expression
    6           | expression TK_DISJ expression
    7           | TK_ENOT expression
    8           | expression TK_XOR expression
    9           | expression TK_IMPLY expression
   10           | expression TK_EQ expression


Terminaux, suivis des règles où ils apparaissent

$end (0) 0
error (256)
TK_CONJ (258) 1 5
TK_DISJ (259) 6
TK_XOR (260) 8
TK_IMPLY (261) 9
TK_EQ (262) 10
TK_LPAREN (263) 4
TK_RPAREN (264) 4
TK_ENOT (265) 7
TK_VNOT (266) 3
TK_VAR (267) 2 3


Non-terminaux, suivis des règles où ils apparaissent

$accept (13)
    à gauche: 0
input (14)
    à gauche: 1, à droite: 0
expression (15)
    à gauche: 2 3 4 5 6 7 8 9 10, à droite: 1 4 5 6 7 8 9 10


État 0

    0 $accept: . input $end
    1 input: . expression TK_CONJ
    2 expression: . TK_VAR
    3           | . TK_VNOT TK_VAR
    4           | . TK_LPAREN expression TK_RPAREN
    5           | . expression TK_CONJ expression
    6           | . expression TK_DISJ expression
    7           | . TK_ENOT expression
    8           | . expression TK_XOR expression
    9           | . expression TK_IMPLY expression
   10           | . expression TK_EQ expression

    TK_LPAREN  décalage et aller à l'état 1
    TK_ENOT    décalage et aller à l'état 2
    TK_VNOT    décalage et aller à l'état 3
    TK_VAR     décalage et aller à l'état 4

    input       aller à l'état 5
    expression  aller à l'état 6


État 1

    2 expression: . TK_VAR
    3           | . TK_VNOT TK_VAR
    4           | . TK_LPAREN expression TK_RPAREN
    4           | TK_LPAREN . expression TK_RPAREN
    5           | . expression TK_CONJ expression
    6           | . expression TK_DISJ expression
    7           | . TK_ENOT expression
    8           | . expression TK_XOR expression
    9           | . expression TK_IMPLY expression
   10           | . expression TK_EQ expression

    TK_LPAREN  décalage et aller à l'état 1
    TK_ENOT    décalage et aller à l'état 2
    TK_VNOT    décalage et aller à l'état 3
    TK_VAR     décalage et aller à l'état 4

    expression  aller à l'état 7


État 2

    2 expression: . TK_VAR
    3           | . TK_VNOT TK_VAR
    4           | . TK_LPAREN expression TK_RPAREN
    5           | . expression TK_CONJ expression
    6           | . expression TK_DISJ expression
    7           | . TK_ENOT expression
    7           | TK_ENOT . expression
    8           | . expression TK_XOR expression
    9           | . expression TK_IMPLY expression
   10           | . expression TK_EQ expression

    TK_LPAREN  décalage et aller à l'état 1
    TK_ENOT    décalage et aller à l'état 2
    TK_VNOT    décalage et aller à l'état 3
    TK_VAR     décalage et aller à l'état 4

    expression  aller à l'état 8


État 3

    3 expression: TK_VNOT . TK_VAR

    TK_VAR  décalage et aller à l'état 9


État 4

    2 expression: TK_VAR .

    $défaut  réduction par utilisation de la règle 2 (expression)


État 5

    0 $accept: input . $end

    $end  décalage et aller à l'état 10


État 6

    1 input: expression . TK_CONJ
    5 expression: expression . TK_CONJ expression
    6           | expression . TK_DISJ expression
    8           | expression . TK_XOR expression
    9           | expression . TK_IMPLY expression
   10           | expression . TK_EQ expression

    TK_CONJ   décalage et aller à l'état 11
    TK_DISJ   décalage et aller à l'état 12
    TK_XOR    décalage et aller à l'état 13
    TK_IMPLY  décalage et aller à l'état 14
    TK_EQ     décalage et aller à l'état 15


État 7

    4 expression: TK_LPAREN expression . TK_RPAREN
    5           | expression . TK_CONJ expression
    6           | expression . TK_DISJ expression
    8           | expression . TK_XOR expression
    9           | expression . TK_IMPLY expression
   10           | expression . TK_EQ expression

    TK_CONJ    décalage et aller à l'état 16
    TK_DISJ    décalage et aller à l'état 12
    TK_XOR     décalage et aller à l'état 13
    TK_IMPLY   décalage et aller à l'état 14
    TK_EQ      décalage et aller à l'état 15
    TK_RPAREN  décalage et aller à l'état 17


État 8

    5 expression: expression . TK_CONJ expression
    6           | expression . TK_DISJ expression
    7           | TK_ENOT expression .  [TK_CONJ, TK_DISJ, TK_XOR, TK_IMPLY, TK_EQ, TK_RPAREN]
    8           | expression . TK_XOR expression
    9           | expression . TK_IMPLY expression
   10           | expression . TK_EQ expression

    $défaut  réduction par utilisation de la règle 7 (expression)

    Conflit entre la règle 7 et le jeton TK_CONJ résolu par réduction (TK_CONJ < TK_ENOT).
    Conflit entre la règle 7 et le jeton TK_DISJ résolu par réduction (TK_DISJ < TK_ENOT).
    Conflit entre la règle 7 et le jeton TK_XOR résolu par réduction (TK_XOR < TK_ENOT).
    Conflit entre la règle 7 et le jeton TK_IMPLY résolu par réduction (TK_IMPLY < TK_ENOT).
    Conflit entre la règle 7 et le jeton TK_EQ résolu par réduction (TK_EQ < TK_ENOT).


État 9

    3 expression: TK_VNOT TK_VAR .

    $défaut  réduction par utilisation de la règle 3 (expression)


État 10

    0 $accept: input $end .

    $défaut  accepter


État 11

    1 input: expression TK_CONJ .  [$end]
    2 expression: . TK_VAR
    3           | . TK_VNOT TK_VAR
    4           | . TK_LPAREN expression TK_RPAREN
    5           | . expression TK_CONJ expression
    5           | expression TK_CONJ . expression
    6           | . expression TK_DISJ expression
    7           | . TK_ENOT expression
    8           | . expression TK_XOR expression
    9           | . expression TK_IMPLY expression
   10           | . expression TK_EQ expression

    TK_LPAREN  décalage et aller à l'état 1
    TK_ENOT    décalage et aller à l'état 2
    TK_VNOT    décalage et aller à l'état 3
    TK_VAR     décalage et aller à l'état 4

    $défaut  réduction par utilisation de la règle 1 (input)

    expression  aller à l'état 18


État 12

    2 expression: . TK_VAR
    3           | . TK_VNOT TK_VAR
    4           | . TK_LPAREN expression TK_RPAREN
    5           | . expression TK_CONJ expression
    6           | . expression TK_DISJ expression
    6           | expression TK_DISJ . expression
    7           | . TK_ENOT expression
    8           | . expression TK_XOR expression
    9           | . expression TK_IMPLY expression
   10           | . expression TK_EQ expression

    TK_LPAREN  décalage et aller à l'état 1
    TK_ENOT    décalage et aller à l'état 2
    TK_VNOT    décalage et aller à l'état 3
    TK_VAR     décalage et aller à l'état 4

    expression  aller à l'état 19


État 13

    2 expression: . TK_VAR
    3           | . TK_VNOT TK_VAR
    4           | . TK_LPAREN expression TK_RPAREN
    5           | . expression TK_CONJ expression
    6           | . expression TK_DISJ expression
    7           | . TK_ENOT expression
    8           | . expression TK_XOR expression
    8           | expression TK_XOR . expression
    9           | . expression TK_IMPLY expression
   10           | . expression TK_EQ expression

    TK_LPAREN  décalage et aller à l'état 1
    TK_ENOT    décalage et aller à l'état 2
    TK_VNOT    décalage et aller à l'état 3
    TK_VAR     décalage et aller à l'état 4

    expression  aller à l'état 20


État 14

    2 expression: . TK_VAR
    3           | . TK_VNOT TK_VAR
    4           | . TK_LPAREN expression TK_RPAREN
    5           | . expression TK_CONJ expression
    6           | . expression TK_DISJ expression
    7           | . TK_ENOT expression
    8           | . expression TK_XOR expression
    9           | . expression TK_IMPLY expression
    9           | expression TK_IMPLY . expression
   10           | . expression TK_EQ expression

    TK_LPAREN  décalage et aller à l'état 1
    TK_ENOT    décalage et aller à l'état 2
    TK_VNOT    décalage et aller à l'état 3
    TK_VAR     décalage et aller à l'état 4

    expression  aller à l'état 21


État 15

    2 expression: . TK_VAR
    3           | . TK_VNOT TK_VAR
    4           | . TK_LPAREN expression TK_RPAREN
    5           | . expression TK_CONJ expression
    6           | . expression TK_DISJ expression
    7           | . TK_ENOT expression
    8           | . expression TK_XOR expression
    9           | . expression TK_IMPLY expression
   10           | . expression TK_EQ expression
   10           | expression TK_EQ . expression

    TK_LPAREN  décalage et aller à l'état 1
    TK_ENOT    décalage et aller à l'état 2
    TK_VNOT    décalage et aller à l'état 3
    TK_VAR     décalage et aller à l'état 4

    expression  aller à l'état 22


État 16

    2 expression: . TK_VAR
    3           | . TK_VNOT TK_VAR
    4           | . TK_LPAREN expression TK_RPAREN
    5           | . expression TK_CONJ expression
    5           | expression TK_CONJ . expression
    6           | . expression TK_DISJ expression
    7           | . TK_ENOT expression
    8           | . expression TK_XOR expression
    9           | . expression TK_IMPLY expression
   10           | . expression TK_EQ expression

    TK_LPAREN  décalage et aller à l'état 1
    TK_ENOT    décalage et aller à l'état 2
    TK_VNOT    décalage et aller à l'état 3
    TK_VAR     décalage et aller à l'état 4

    expression  aller à l'état 18


État 17

    4 expression: TK_LPAREN expression TK_RPAREN .

    $défaut  réduction par utilisation de la règle 4 (expression)


État 18

    5 expression: expression . TK_CONJ expression
    5           | expression TK_CONJ expression .  [TK_CONJ, TK_RPAREN]
    6           | expression . TK_DISJ expression
    8           | expression . TK_XOR expression
    9           | expression . TK_IMPLY expression
   10           | expression . TK_EQ expression

    TK_DISJ   décalage et aller à l'état 12
    TK_XOR    décalage et aller à l'état 13
    TK_IMPLY  décalage et aller à l'état 14
    TK_EQ     décalage et aller à l'état 15

    $défaut  réduction par utilisation de la règle 5 (expression)

    Conflit entre la règle 5 et le jeton TK_CONJ résolu par réduction (%left TK_CONJ).
    Conflit entre la règle 5 et le jeton TK_DISJ résolu par décalage (TK_CONJ < TK_DISJ).
    Conflit entre la règle 5 et le jeton TK_XOR résolu par décalage (TK_CONJ < TK_XOR).
    Conflit entre la règle 5 et le jeton TK_IMPLY résolu par décalage (TK_CONJ < TK_IMPLY).
    Conflit entre la règle 5 et le jeton TK_EQ résolu par décalage (TK_CONJ < TK_EQ).


État 19

    5 expression: expression . TK_CONJ expression
    6           | expression . TK_DISJ expression
    6           | expression TK_DISJ expression .  [TK_CONJ, TK_DISJ, TK_RPAREN]
    8           | expression . TK_XOR expression
    9           | expression . TK_IMPLY expression
   10           | expression . TK_EQ expression

    TK_XOR    décalage et aller à l'état 13
    TK_IMPLY  décalage et aller à l'état 14
    TK_EQ     décalage et aller à l'état 15

    $défaut  réduction par utilisation de la règle 6 (expression)

    Conflit entre la règle 6 et le jeton TK_CONJ résolu par réduction (TK_CONJ < TK_DISJ).
    Conflit entre la règle 6 et le jeton TK_DISJ résolu par réduction (%left TK_DISJ).
    Conflit entre la règle 6 et le jeton TK_XOR résolu par décalage (TK_DISJ < TK_XOR).
    Conflit entre la règle 6 et le jeton TK_IMPLY résolu par décalage (TK_DISJ < TK_IMPLY).
    Conflit entre la règle 6 et le jeton TK_EQ résolu par décalage (TK_DISJ < TK_EQ).


État 20

    5 expression: expression . TK_CONJ expression
    6           | expression . TK_DISJ expression
    8           | expression . TK_XOR expression
    8           | expression TK_XOR expression .  [TK_CONJ, TK_DISJ, TK_XOR, TK_RPAREN]
    9           | expression . TK_IMPLY expression
   10           | expression . TK_EQ expression

    TK_IMPLY  décalage et aller à l'état 14
    TK_EQ     décalage et aller à l'état 15

    $défaut  réduction par utilisation de la règle 8 (expression)

    Conflit entre la règle 8 et le jeton TK_CONJ résolu par réduction (TK_CONJ < TK_XOR).
    Conflit entre la règle 8 et le jeton TK_DISJ résolu par réduction (TK_DISJ < TK_XOR).
    Conflit entre la règle 8 et le jeton TK_XOR résolu par réduction (%left TK_XOR).
    Conflit entre la règle 8 et le jeton TK_IMPLY résolu par décalage (TK_XOR < TK_IMPLY).
    Conflit entre la règle 8 et le jeton TK_EQ résolu par décalage (TK_XOR < TK_EQ).


État 21

    5 expression: expression . TK_CONJ expression
    6           | expression . TK_DISJ expression
    8           | expression . TK_XOR expression
    9           | expression . TK_IMPLY expression
    9           | expression TK_IMPLY expression .  [TK_CONJ, TK_DISJ, TK_XOR, TK_IMPLY, TK_EQ, TK_RPAREN]
   10           | expression . TK_EQ expression

    $défaut  réduction par utilisation de la règle 9 (expression)

    Conflit entre la règle 9 et le jeton TK_CONJ résolu par réduction (TK_CONJ < TK_IMPLY).
    Conflit entre la règle 9 et le jeton TK_DISJ résolu par réduction (TK_DISJ < TK_IMPLY).
    Conflit entre la règle 9 et le jeton TK_XOR résolu par réduction (TK_XOR < TK_IMPLY).
    Conflit entre la règle 9 et le jeton TK_IMPLY résolu par réduction (%left TK_IMPLY).
    Conflit entre la règle 9 et le jeton TK_EQ résolu par réduction (TK_EQ < TK_IMPLY).


État 22

    5 expression: expression . TK_CONJ expression
    6           | expression . TK_DISJ expression
    8           | expression . TK_XOR expression
    9           | expression . TK_IMPLY expression
   10           | expression . TK_EQ expression
   10           | expression TK_EQ expression .  [TK_CONJ, TK_DISJ, TK_XOR, TK_EQ, TK_RPAREN]

    TK_IMPLY  décalage et aller à l'état 14

    $défaut  réduction par utilisation de la règle 10 (expression)

    Conflit entre la règle 10 et le jeton TK_CONJ résolu par réduction (TK_CONJ < TK_EQ).
    Conflit entre la règle 10 et le jeton TK_DISJ résolu par réduction (TK_DISJ < TK_EQ).
    Conflit entre la règle 10 et le jeton TK_XOR résolu par réduction (TK_XOR < TK_EQ).
    Conflit entre la règle 10 et le jeton TK_IMPLY résolu par décalage (TK_EQ < TK_IMPLY).
    Conflit entre la règle 10 et le jeton TK_EQ résolu par réduction (%left TK_EQ).
